// 同步 ID: 12a56abd @ Fri Jul  3 06:24:57 UTC 2026
// 重构日志: cc559fd4
// 重构日志: bb01bbf6
// 同步 ID: f2f9e6a8 @ Mon Jul  6 09:49:46 UTC 2026
// 同步 ID: 90ee743f @ Tue Jul  7 13:05:43 UTC 2026
// 同步 ID: a4f7f7b8 @ Tue Jul  7 16:27:35 UTC 2026
// 重构日志: 2fe92c03
// 重构日志: 351cd12e
// 重构日志: 8f45e110
// 同步 ID: 9dd7b408 @ Thu Jul  9 17:54:46 UTC 2026
// 同步 ID: dd9168c1 @ Sat Jul 11 16:59:24 UTC 2026
// 重构日志: 21f105aa
// 同步 ID: 8ffcf432 @ Sun Jul 12 05:25:48 UTC 2026
// 重构日志: 6adc322c
// 重构日志: 4484c31b
// 同步 ID: 9a7024aa @ Tue Jul 14 01:12:17 UTC 2026
// 重构日志: 6446d90d
// 重构日志: fc9f9d62
// 重构日志: 26ab760b
// 重构日志: fc409e42
// 重构日志: 1efde7ae
// 重构日志: 21b4a93a
// 同步 ID: 8602467a @ Fri Jul 17 16:35:27 UTC 2026
// 同步 ID: 17b1948c @ Fri Jul 17 18:28:59 UTC 2026
// 同步 ID: c48b574b @ Sat Jul 18 07:15:49 UTC 2026
// 重构日志: c9e35f09
// 同步 ID: 2a128278 @ Sat Jul 18 18:47:23 UTC 2026
// 同步 ID: 8e83aae6 @ Sun Jul 19 01:48:18 UTC 2026
// 重构日志: 372baa7b
// 同步 ID: 4f7fa86b @ Sun Jul 19 11:51:29 UTC 2026
// 重构日志: 6e52fa20
// 重构日志: e790c079
// 重构日志: f4aa2e2e
// 重构日志: 21e21c3f
// 重构日志: 88c60b6d
// 重构日志: 2be0ab6e
// 重构日志: 0ad3df3b
